<?xml version="1.0" encoding="UTF-8"?>
<testsuite xmlns:xsi="http://www.w3.org/2001/XMLSchema-instance" xsi:noNamespaceSchemaLocation="https://maven.apache.org/surefire/maven-surefire-plugin/xsd/surefire-test-report-3.0.xsd" version="3.0" name="it.polimi.ingsw.galaxytrucker.Server.Model.FlightCardBoardTest" time="0.101" tests="24" errors="0" skipped="0" failures="1">
  <properties>
[...]
</properties>
  <testcase name="testAddPlayerClassic" classname="it.polimi.ingsw.galaxytrucker.Server.Model.FlightCardBoardTest" time="0.017"/>
  <testcase name="testOrderPlayersInFlightList" classname="it.polimi.ingsw.galaxytrucker.Server.Model.FlightCardBoardTest" time="0.012">
    <failure message="expected: &lt;it.polimi.ingsw.galaxytrucker.Server.Model.Player@7ff2b8d2&gt; but was: &lt;it.polimi.ingsw.galaxytrucker.Server.Model.Player@6dc1484&gt;" type="org.opentest4j.AssertionFailedError"><![CDATA[org.opentest4j.AssertionFailedError: expected: <it.polimi.ingsw.galaxytrucker.Server.Model.Player@7ff2b8d2> but was: <it.polimi.ingsw.galaxytrucker.Server.Model.Player@6dc1484>
	at org.junit.jupiter.api.AssertionFailureBuilder.build(AssertionFailureBuilder.java:151)
	at org.junit.jupiter.api.AssertionFailureBuilder.buildAndThrow(AssertionFailureBuilder.java:132)
	at org.junit.jupiter.api.AssertEquals.failNotEqual(AssertEquals.java:197)
	at org.junit.jupiter.api.AssertEquals.assertEquals(AssertEquals.java:182)
	at org.junit.jupiter.api.AssertEquals.assertEquals(AssertEquals.java:177)
	at org.junit.jupiter.api.Assertions.assertEquals(Assertions.java:1145)
	at it.polimi.ingsw.galaxytrucker.Server.Model.FlightCardBoardTest.testOrderPlayersInFlightList(FlightCardBoardTest.java:106)
	at java.base/java.lang.reflect.Method.invoke(Method.java:580)
	at java.base/java.util.ArrayList.forEach(ArrayList.java:1597)
	at java.base/java.util.ArrayList.forEach(ArrayList.java:1597)
]]></failure>
  </testcase>
  <testcase name="testEliminateOverlappedPlayers" classname="it.polimi.ingsw.galaxytrucker.Server.Model.FlightCardBoardTest" time="0.003"/>
  <testcase name="testMoveRocketNotInFlight" classname="it.polimi.ingsw.galaxytrucker.Server.Model.FlightCardBoardTest" time="0.003"/>
  <testcase name="testAddPlayerNull" classname="it.polimi.ingsw.galaxytrucker.Server.Model.FlightCardBoardTest" time="0.003"/>
  <testcase name="testEliminateOverlappedPlayers2" classname="it.polimi.ingsw.galaxytrucker.Server.Model.FlightCardBoardTest" time="0.002"/>
  <testcase name="testOrderPlayersException" classname="it.polimi.ingsw.galaxytrucker.Server.Model.FlightCardBoardTest" time="0.003"/>
  <testcase name="testMoveRocket10" classname="it.polimi.ingsw.galaxytrucker.Server.Model.FlightCardBoardTest" time="0.003"/>
  <testcase name="testAddPlayerTooMany" classname="it.polimi.ingsw.galaxytrucker.Server.Model.FlightCardBoardTest" time="0.003"/>
  <testcase name="testCheckOverLap1" classname="it.polimi.ingsw.galaxytrucker.Server.Model.FlightCardBoardTest" time="0.002"/>
  <testcase name="testCheckOverLap2" classname="it.polimi.ingsw.galaxytrucker.Server.Model.FlightCardBoardTest" time="0.001"/>
  <testcase name="testCheckOverLap3" classname="it.polimi.ingsw.galaxytrucker.Server.Model.FlightCardBoardTest" time="0.001"/>
  <testcase name="testAddPlayer" classname="it.polimi.ingsw.galaxytrucker.Server.Model.FlightCardBoardTest" time="0.001"/>
  <testcase name="testMoveRocketEmpty" classname="it.polimi.ingsw.galaxytrucker.Server.Model.FlightCardBoardTest" time="0.001"/>
  <testcase name="testMoveRocket1" classname="it.polimi.ingsw.galaxytrucker.Server.Model.FlightCardBoardTest" time="0.001"/>
  <testcase name="testMoveRocket2" classname="it.polimi.ingsw.galaxytrucker.Server.Model.FlightCardBoardTest" time="0.001"/>
  <testcase name="testMoveRocket3" classname="it.polimi.ingsw.galaxytrucker.Server.Model.FlightCardBoardTest" time="0.001"/>
  <testcase name="testMoveRocket4" classname="it.polimi.ingsw.galaxytrucker.Server.Model.FlightCardBoardTest" time="0.001"/>
  <testcase name="testMoveRocket5" classname="it.polimi.ingsw.galaxytrucker.Server.Model.FlightCardBoardTest" time="0.001"/>
  <testcase name="testMoveRocket6" classname="it.polimi.ingsw.galaxytrucker.Server.Model.FlightCardBoardTest" time="0.001"/>
  <testcase name="testMoveRocket7" classname="it.polimi.ingsw.galaxytrucker.Server.Model.FlightCardBoardTest" time="0.002"/>
  <testcase name="testMoveRocket8" classname="it.polimi.ingsw.galaxytrucker.Server.Model.FlightCardBoardTest" time="0.003"/>
  <testcase name="testMoveRocket9" classname="it.polimi.ingsw.galaxytrucker.Server.Model.FlightCardBoardTest" time="0.002"/>
  <testcase name="testAddPlayerDuplicate" classname="it.polimi.ingsw.galaxytrucker.Server.Model.FlightCardBoardTest" time="0.002"/>
</testsuite>