<?xml version="1.0" encoding="UTF-8"?>
<testsuite xmlns:xsi="http://www.w3.org/2001/XMLSchema-instance" xsi:noNamespaceSchemaLocation="https://maven.apache.org/surefire/maven-surefire-plugin/xsd/surefire-test-report-3.0.xsd" version="3.0" name="it.polimi.ingsw.galaxytrucker.Server.Model.DeckManagerTest" time="0.064" tests="2" errors="0" skipped="0" failures="0">
  <properties>
[...]
</properties>
  <testcase name="testCreateSecondLevelDeck" classname="it.polimi.ingsw.galaxytrucker.Server.Model.DeckManagerTest" time="0.03">
    <system-out><![CDATA[Deck1 :
AbandonedStationCard{num_crewmates:5, days:1, station_goods:[YELLOW, GREEN]}
OpenSpaceCard
SmugglersCard{days:1, fire_power:8, num_removed_goods:3, reward_goods:[RED, YELLOW, YELLOW]}
Deck2 :
PlanetsCard{reward_goods:[[RED, GREEN, BLUE, BLUE, BLUE], [RED, YELLOW, BLUE], [RED, BLUE, BLUE, BLUE], [RED, GREEN]], days:3}
PlanetsCard{reward_goods:[[RED, YELLOW], [YELLOW, GREEN, BLUE], [GREEN, GREEN], [YELLOW]], days:2}
SecondWarzoneCard{days:4, num_goods:3, shots_directions:[0, 3, 1, 2], shots_size:[false, false, false, true]}
Deck3 :
AbandonedStationCard{num_crewmates:7, days:1, station_goods:[RED, YELLOW]}
PlanetsCard{reward_goods:[[GREEN, GREEN], [YELLOW], [BLUE, BLUE, BLUE]], days:1}
AbandonedShipCard{days:1, credits:6, num_crewmates:4}
Deck4 :
SmugglersCard{days:1, fire_power:4, num_removed_goods:2, reward_goods:[YELLOW, GREEN, BLUE]}
AbandonedStationCard{num_crewmates:8, days:2, station_goods:[YELLOW, YELLOW, GREEN]}
PiratesCard{fire_power:6, days:2, credits:7, shots_directions:[0, 0, 0], shots_size:[true, false, true]}
]]></system-out>
  </testcase>
  <testcase name="testCreateDemoDeck" classname="it.polimi.ingsw.galaxytrucker.Server.Model.DeckManagerTest" time="0.03">
    <system-out><![CDATA[Demo Deck:
StardustCard
PlanetsCard{reward_goods:[[RED, RED], [RED, BLUE, BLUE], [YELLOW]], days:2}
OpenSpaceCard
MeteoritesRainCard{directions:[0, 3, 1], size:[true, false, false]}
AbandonedShipCard{days:1, credits:4, num_crewmates:3}
FirstWarzoneCard{days:3, num_crewmates:2, shots_directions:[2, 2], shots_size:[false, true]}
SmugglersCard{days:1, fire_power:4, num_removed_goods:2, reward_goods:[YELLOW, GREEN, BLUE]}
AbandonedStationCard{num_crewmates:5, days:1, station_goods:[YELLOW, GREEN]}
]]></system-out>
  </testcase>
</testsuite>